debug_logfile: fd 2
pid 19035 [parent 19033], doing new pid setup and server start
Setup complete, sending SIGUSR1 to pid 19033.
path mismatch [2 links]: ino 29 db '/dev/shm/sem.mp-v8boyhef' req '/dev/shm/xxd7DG'.
dir mismatch: '/home/lai/Documents/shareData/MTK_RELEASE/0831/build/tmp/work/cortexa7hf-neon-vfpv4-poky-linux-gnueabi/systemd/1_301+gitAUTOINC+714c62b463-r0/image/var/log/journal' [25038966] db mode 040755, header mode 0755 (unlinking db)
dir err : 25038966 ['/home/lai/Documents/shareData/MTK_RELEASE/0831/build/tmp/work/cortexa7hf-neon-vfpv4-poky-linux-gnueabi/systemd/1_301+gitAUTOINC+714c62b463-r0/image/var/log/journal'] (db '/home/lai/Documents/shareData/MTK_RELEASE/0831/build/tmp/work/cortexa7hf-neon-vfpv4-poky-linux-gnueabi/systemd/1_301+gitAUTOINC+714c62b463-r0/image/var/log/journal') db mode 040755, header mode 0755 (unlinking db)
path mismatch [1 link]: ino 23727817 db 'NAMELESS FILE' req '/home/lai/Documents/shareData/MTK_RELEASE/0831/build/tmp/work/cortexa7hf-neon-vfpv4-poky-linux-gnueabi/systemd/1_301+gitAUTOINC+714c62b463-r0/image/etc/systemd/sedgMsP2G'.
path mismatch [1 link]: ino 23727817 db 'NAMELESS FILE' req '/home/lai/Documents/shareData/MTK_RELEASE/0831/build/tmp/work/cortexa7hf-neon-vfpv4-poky-linux-gnueabi/systemd/1_301+gitAUTOINC+714c62b463-r0/image/etc/systemd/journald.conf'.
path mismatch [1 link]: ino 23727817 db 'NAMELESS FILE' req '/home/lai/Documents/shareData/MTK_RELEASE/0831/build/tmp/work/cortexa7hf-neon-vfpv4-poky-linux-gnueabi/systemd/1_301+gitAUTOINC+714c62b463-r0/image/etc/systemd/journald.conf'.
path mismatch [1 link]: ino 23727817 db 'NAMELESS FILE' req '/home/lai/Documents/shareData/MTK_RELEASE/0831/build/tmp/work/cortexa7hf-neon-vfpv4-poky-linux-gnueabi/systemd/1_301+gitAUTOINC+714c62b463-r0/image/etc/systemd/journald.conf'.
path mismatch [1 link]: ino 23727695 db 'NAMELESS FILE' req '/home/lai/Documents/shareData/MTK_RELEASE/0831/build/tmp/work/cortexa7hf-neon-vfpv4-poky-linux-gnueabi/systemd/1_301+gitAUTOINC+714c62b463-r0/image/etc/systemd/sedXiDFzH'.
path mismatch [1 link]: ino 23727695 db 'NAMELESS FILE' req '/home/lai/Documents/shareData/MTK_RELEASE/0831/build/tmp/work/cortexa7hf-neon-vfpv4-poky-linux-gnueabi/systemd/1_301+gitAUTOINC+714c62b463-r0/image/etc/systemd/journald.conf'.
path mismatch [1 link]: ino 23727817 db 'NAMELESS FILE' req '/home/lai/Documents/shareData/MTK_RELEASE/0831/build/tmp/work/cortexa7hf-neon-vfpv4-poky-linux-gnueabi/systemd/1_301+gitAUTOINC+714c62b463-r0/image/usr/lib/tmpfiles.d/sedGVbmnJ'.
path mismatch [1 link]: ino 23727817 db 'NAMELESS FILE' req '/home/lai/Documents/shareData/MTK_RELEASE/0831/build/tmp/work/cortexa7hf-neon-vfpv4-poky-linux-gnueabi/systemd/1_301+gitAUTOINC+714c62b463-r0/image/usr/lib/tmpfiles.d/systemd.conf'.
path mismatch [2 links]: ino 32 db '/dev/shm/sem.mp-psue2r97' req '/dev/shm/WTU2Q4'.
path mismatch [1 link]: ino 23727695 db 'NAMELESS FILE' req '/home/lai/Documents/shareData/MTK_RELEASE/0831/build/tmp/work/cortexa7hf-neon-vfpv4-poky-linux-gnueabi/systemd/1_301+gitAUTOINC+714c62b463-r0/image/etc/systemd/journald.conf'.
path mismatch [1 link]: ino 23727695 db 'NAMELESS FILE' req '/home/lai/Documents/shareData/MTK_RELEASE/0831/build/tmp/work/cortexa7hf-neon-vfpv4-poky-linux-gnueabi/systemd/1_301+gitAUTOINC+714c62b463-r0/image/etc/systemd/journald.conf'.
path mismatch [1 link]: ino 23727695 db 'NAMELESS FILE' req '/home/lai/Documents/shareData/MTK_RELEASE/0831/build/tmp/work/cortexa7hf-neon-vfpv4-poky-linux-gnueabi/systemd/1_301+gitAUTOINC+714c62b463-r0/image/etc/systemd/journald.conf'.
path mismatch [3 links]: ino 23727817 db 'NAMELESS FILE' req '/home/lai/Documents/shareData/MTK_RELEASE/0831/build/tmp/work/cortexa7hf-neon-vfpv4-poky-linux-gnueabi/systemd/1_301+gitAUTOINC+714c62b463-r0/image/usr/lib/tmpfiles.d/systemd.conf'.
path mismatch [3 links]: ino 23727817 db 'NAMELESS FILE' req '/home/lai/Documents/shareData/MTK_RELEASE/0831/build/tmp/work/cortexa7hf-neon-vfpv4-poky-linux-gnueabi/systemd/1_301+gitAUTOINC+714c62b463-r0/image/usr/lib/tmpfiles.d/systemd.conf'.
path mismatch [3 links]: ino 23727817 db 'NAMELESS FILE' req '/home/lai/Documents/shareData/MTK_RELEASE/0831/build/tmp/work/cortexa7hf-neon-vfpv4-poky-linux-gnueabi/systemd/1_301+gitAUTOINC+714c62b463-r0/image/usr/lib/tmpfiles.d/systemd.conf'.
path mismatch [2 links]: ino 33 db '/dev/shm/sem.mp-laytf6nw' req '/dev/shm/LfNdRo'.
path mismatch [2 links]: ino 34 db '/dev/shm/sem.mp-44mldav0' req '/dev/shm/8zPsRI'.
path mismatch [2 links]: ino 35 db '/dev/shm/sem.mp-hrzdv3aa' req '/dev/shm/p1rKR2'.
path mismatch [2 links]: ino 36 db '/dev/shm/sem.mp-kr9kwcdj' req '/dev/shm/aTq4Rm'.
path mismatch [2 links]: ino 33 db '/dev/shm/sem.mp-uiq7nlt1' req '/dev/shm/p0If8K'.
path mismatch [2 links]: ino 34 db '/dev/shm/sem.mp-0zprmadp' req '/dev/shm/Mhpxo9'.
path mismatch [2 links]: ino 35 db '/dev/shm/sem.mp-beqsw_wp' req '/dev/shm/LtUSEx'.
path mismatch [2 links]: ino 36 db '/dev/shm/sem.mp-m7kq5um2' req '/dev/shm/kFVgVV'.
db cleanup for server shutdown, 01:53:12.691
memory-to-file backup complete, 01:53:12.691.
db cleanup finished, 01:53:12.691
debug_logfile: fd 2
pid 25738 [parent 25737], doing new pid setup and server start
Setup complete, sending SIGUSR1 to pid 25737.
path mismatch [2 links]: ino 29 db '/dev/shm/sem.mp-pzy6gnkv' req '/dev/shm/YCmCjy'.
path mismatch [2 links]: ino 25959509 db '/home/lai/Documents/shareData/MTK_RELEASE/0831/build/tmp/work/cortexa7hf-neon-vfpv4-poky-linux-gnueabi/systemd/1_301+gitAUTOINC+714c62b463-r0/pkgdata/systemd' req '/home/lai/Documents/shareData/MTK_RELEASE/0831/build/tmp/sysroots/aiv8167-rockman-emmc/pkgdata/systemd'.
path mismatch [2 links]: ino 25959510 db '/home/lai/Documents/shareData/MTK_RELEASE/0831/build/tmp/work/cortexa7hf-neon-vfpv4-poky-linux-gnueabi/systemd/1_301+gitAUTOINC+714c62b463-r0/pkgdata/runtime/udev' req '/home/lai/Documents/shareData/MTK_RELEASE/0831/build/tmp/sysroots/aiv8167-rockman-emmc/pkgdata/runtime/udev'.
path mismatch [2 links]: ino 25959512 db '/home/lai/Documents/shareData/MTK_RELEASE/0831/build/tmp/work/cortexa7hf-neon-vfpv4-poky-linux-gnueabi/systemd/1_301+gitAUTOINC+714c62b463-r0/pkgdata/runtime/systemd-initramfs' req '/home/lai/Documents/shareData/MTK_RELEASE/0831/build/tmp/sysroots/aiv8167-rockman-emmc/pkgdata/runtime/systemd-initramfs'.
path mismatch [2 links]: ino 25959514 db '/home/lai/Documents/shareData/MTK_RELEASE/0831/build/tmp/work/cortexa7hf-neon-vfpv4-poky-linux-gnueabi/systemd/1_301+gitAUTOINC+714c62b463-r0/pkgdata/runtime/systemd-kernel-install' req '/home/lai/Documents/shareData/MTK_RELEASE/0831/build/tmp/sysroots/aiv8167-rockman-emmc/pkgdata/runtime/systemd-kernel-install'.
path mismatch [2 links]: ino 25959516 db '/home/lai/Documents/shareData/MTK_RELEASE/0831/build/tmp/work/cortexa7hf-neon-vfpv4-poky-linux-gnueabi/systemd/1_301+gitAUTOINC+714c62b463-r0/pkgdata/runtime/systemd-rpm-macros' req '/home/lai/Documents/shareData/MTK_RELEASE/0831/build/tmp/sysroots/aiv8167-rockman-emmc/pkgdata/runtime/systemd-rpm-macros'.
path mismatch [2 links]: ino 25959518 db '/home/lai/Documents/shareData/MTK_RELEASE/0831/build/tmp/work/cortexa7hf-neon-vfpv4-poky-linux-gnueabi/systemd/1_301+gitAUTOINC+714c62b463-r0/pkgdata/runtime/systemd-binfmt' req '/home/lai/Documents/shareData/MTK_RELEASE/0831/build/tmp/sysroots/aiv8167-rockman-emmc/pkgdata/runtime/systemd-binfmt'.
path mismatch [2 links]: ino 25959520 db '/home/lai/Documents/shareData/MTK_RELEASE/0831/build/tmp/work/cortexa7hf-neon-vfpv4-poky-linux-gnueabi/systemd/1_301+gitAUTOINC+714c62b463-r0/pkgdata/runtime/systemd-pam' req '/home/lai/Documents/shareData/MTK_RELEASE/0831/build/tmp/sysroots/aiv8167-rockman-emmc/pkgdata/runtime/systemd-pam'.
path mismatch [2 links]: ino 25959521 db '/home/lai/Documents/shareData/MTK_RELEASE/0831/build/tmp/work/cortexa7hf-neon-vfpv4-poky-linux-gnueabi/systemd/1_301+gitAUTOINC+714c62b463-r0/pkgdata/runtime/systemd-zsh-completion' req '/home/lai/Documents/shareData/MTK_RELEASE/0831/build/tmp/sysroots/aiv8167-rockman-emmc/pkgdata/runtime/systemd-zsh-completion'.
path mismatch [2 links]: ino 25959523 db '/home/lai/Documents/shareData/MTK_RELEASE/0831/build/tmp/work/cortexa7hf-neon-vfpv4-poky-linux-gnueabi/systemd/1_301+gitAUTOINC+714c62b463-r0/pkgdata/runtime/systemd-xorg-xinitrc' req '/home/lai/Documents/shareData/MTK_RELEASE/0831/build/tmp/sysroots/aiv8167-rockman-emmc/pkgdata/runtime/systemd-xorg-xinitrc'.
path mismatch [2 links]: ino 25959525 db '/home/lai/Documents/shareData/MTK_RELEASE/0831/build/tmp/work/cortexa7hf-neon-vfpv4-poky-linux-gnueabi/systemd/1_301+gitAUTOINC+714c62b463-r0/pkgdata/runtime/systemd-dbg' req '/home/lai/Documents/shareData/MTK_RELEASE/0831/build/tmp/sysroots/aiv8167-rockman-emmc/pkgdata/runtime/systemd-dbg'.
path mismatch [2 links]: ino 25959527 db '/home/lai/Documents/shareData/MTK_RELEASE/0831/build/tmp/work/cortexa7hf-neon-vfpv4-poky-linux-gnueabi/systemd/1_301+gitAUTOINC+714c62b463-r0/pkgdata/runtime/systemd-staticdev' req '/home/lai/Documents/shareData/MTK_RELEASE/0831/build/tmp/sysroots/aiv8167-rockman-emmc/pkgdata/runtime/systemd-staticdev'.
path mismatch [2 links]: ino 25959528 db '/home/lai/Documents/shareData/MTK_RELEASE/0831/build/tmp/work/cortexa7hf-neon-vfpv4-poky-linux-gnueabi/systemd/1_301+gitAUTOINC+714c62b463-r0/pkgdata/runtime/systemd-dev' req '/home/lai/Documents/shareData/MTK_RELEASE/0831/build/tmp/sysroots/aiv8167-rockman-emmc/pkgdata/runtime/systemd-dev'.
path mismatch [2 links]: ino 25959530 db '/home/lai/Documents/shareData/MTK_RELEASE/0831/build/tmp/work/cortexa7hf-neon-vfpv4-poky-linux-gnueabi/systemd/1_301+gitAUTOINC+714c62b463-r0/pkgdata/runtime/systemd-doc' req '/home/lai/Documents/shareData/MTK_RELEASE/0831/build/tmp/sysroots/aiv8167-rockman-emmc/pkgdata/runtime/systemd-doc'.
path mismatch [2 links]: ino 25959532 db '/home/lai/Documents/shareData/MTK_RELEASE/0831/build/tmp/work/cortexa7hf-neon-vfpv4-poky-linux-gnueabi/systemd/1_301+gitAUTOINC+714c62b463-r0/pkgdata/runtime/systemd' req '/home/lai/Documents/shareData/MTK_RELEASE/0831/build/tmp/sysroots/aiv8167-rockman-emmc/pkgdata/runtime/systemd'.
path mismatch [2 links]: ino 25959534 db '/home/lai/Documents/shareData/MTK_RELEASE/0831/build/tmp/work/cortexa7hf-neon-vfpv4-poky-linux-gnueabi/systemd/1_301+gitAUTOINC+714c62b463-r0/pkgdata/runtime/systemd-bash-completion' req '/home/lai/Documents/shareData/MTK_RELEASE/0831/build/tmp/sysroots/aiv8167-rockman-emmc/pkgdata/runtime/systemd-bash-completion'.
path mismatch [2 links]: ino 25959536 db '/home/lai/Documents/shareData/MTK_RELEASE/0831/build/tmp/work/cortexa7hf-neon-vfpv4-poky-linux-gnueabi/systemd/1_301+gitAUTOINC+714c62b463-r0/pkgdata/runtime/systemd-locale-be' req '/home/lai/Documents/shareData/MTK_RELEASE/0831/build/tmp/sysroots/aiv8167-rockman-emmc/pkgdata/runtime/systemd-locale-be'.
path mismatch [2 links]: ino 25959538 db '/home/lai/Documents/shareData/MTK_RELEASE/0831/build/tmp/work/cortexa7hf-neon-vfpv4-poky-linux-gnueabi/systemd/1_301+gitAUTOINC+714c62b463-r0/pkgdata/runtime/systemd-locale-be+latin' req '/home/lai/Documents/shareData/MTK_RELEASE/0831/build/tmp/sysroots/aiv8167-rockman-emmc/pkgdata/runtime/systemd-locale-be+latin'.
path mismatch [2 links]: ino 25959540 db '/home/lai/Documents/shareData/MTK_RELEASE/0831/build/tmp/work/cortexa7hf-neon-vfpv4-poky-linux-gnueabi/systemd/1_301+gitAUTOINC+714c62b463-r0/pkgdata/runtime/systemd-locale-da' req '/home/lai/Documents/shareData/MTK_RELEASE/0831/build/tmp/sysroots/aiv8167-rockman-emmc/pkgdata/runtime/systemd-locale-da'.
path mismatch [2 links]: ino 25959542 db '/home/lai/Documents/shareData/MTK_RELEASE/0831/build/tmp/work/cortexa7hf-neon-vfpv4-poky-linux-gnueabi/systemd/1_301+gitAUTOINC+714c62b463-r0/pkgdata/runtime/systemd-locale-de' req '/home/lai/Documents/shareData/MTK_RELEASE/0831/build/tmp/sysroots/aiv8167-rockman-emmc/pkgdata/runtime/systemd-locale-de'.
path mismatch [2 links]: ino 25959544 db '/home/lai/Documents/shareData/MTK_RELEASE/0831/build/tmp/work/cortexa7hf-neon-vfpv4-poky-linux-gnueabi/systemd/1_301+gitAUTOINC+714c62b463-r0/pkgdata/runtime/systemd-locale-el' req '/home/lai/Documents/shareData/MTK_RELEASE/0831/build/tmp/sysroots/aiv8167-rockman-emmc/pkgdata/runtime/systemd-locale-el'.
path mismatch [2 links]: ino 25959546 db '/home/lai/Documents/shareData/MTK_RELEASE/0831/build/tmp/work/cortexa7hf-neon-vfpv4-poky-linux-gnueabi/systemd/1_301+gitAUTOINC+714c62b463-r0/pkgdata/runtime/systemd-locale-es' req '/home/lai/Documents/shareData/MTK_RELEASE/0831/build/tmp/sysroots/aiv8167-rockman-emmc/pkgdata/runtime/systemd-locale-es'.
path mismatch [2 links]: ino 25959548 db '/home/lai/Documents/shareData/MTK_RELEASE/0831/build/tmp/work/cortexa7hf-neon-vfpv4-poky-linux-gnueabi/systemd/1_301+gitAUTOINC+714c62b463-r0/pkgdata/runtime/systemd-locale-fr' req '/home/lai/Documents/shareData/MTK_RELEASE/0831/build/tmp/sysroots/aiv8167-rockman-emmc/pkgdata/runtime/systemd-locale-fr'.
path mismatch [2 links]: ino 25959550 db '/home/lai/Documents/shareData/MTK_RELEASE/0831/build/tmp/work/cortexa7hf-neon-vfpv4-poky-linux-gnueabi/systemd/1_301+gitAUTOINC+714c62b463-r0/pkgdata/runtime/systemd-locale-gl' req '/home/lai/Documents/shareData/MTK_RELEASE/0831/build/tmp/sysroots/aiv8167-rockman-emmc/pkgdata/runtime/systemd-locale-gl'.
path mismatch [2 links]: ino 25959552 db '/home/lai/Documents/shareData/MTK_RELEASE/0831/build/tmp/work/cortexa7hf-neon-vfpv4-poky-linux-gnueabi/systemd/1_301+gitAUTOINC+714c62b463-r0/pkgdata/runtime/systemd-locale-hu' req '/home/lai/Documents/shareData/MTK_RELEASE/0831/build/tmp/sysroots/aiv8167-rockman-emmc/pkgdata/runtime/systemd-locale-hu'.
path mismatch [2 links]: ino 25959554 db '/home/lai/Documents/shareData/MTK_RELEASE/0831/build/tmp/work/cortexa7hf-neon-vfpv4-poky-linux-gnueabi/systemd/1_301+gitAUTOINC+714c62b463-r0/pkgdata/runtime/systemd-locale-it' req '/home/lai/Documents/shareData/MTK_RELEASE/0831/build/tmp/sysroots/aiv8167-rockman-emmc/pkgdata/runtime/systemd-locale-it'.
path mismatch [2 links]: ino 25959556 db '/home/lai/Documents/shareData/MTK_RELEASE/0831/build/tmp/work/cortexa7hf-neon-vfpv4-poky-linux-gnueabi/systemd/1_301+gitAUTOINC+714c62b463-r0/pkgdata/runtime/systemd-locale-ko' req '/home/lai/Documents/shareData/MTK_RELEASE/0831/build/tmp/sysroots/aiv8167-rockman-emmc/pkgdata/runtime/systemd-locale-ko'.
path mismatch [2 links]: ino 25959558 db '/home/lai/Documents/shareData/MTK_RELEASE/0831/build/tmp/work/cortexa7hf-neon-vfpv4-poky-linux-gnueabi/systemd/1_301+gitAUTOINC+714c62b463-r0/pkgdata/runtime/systemd-locale-pl' req '/home/lai/Documents/shareData/MTK_RELEASE/0831/build/tmp/sysroots/aiv8167-rockman-emmc/pkgdata/runtime/systemd-locale-pl'.
path mismatch [2 links]: ino 25959560 db '/home/lai/Documents/shareData/MTK_RELEASE/0831/build/tmp/work/cortexa7hf-neon-vfpv4-poky-linux-gnueabi/systemd/1_301+gitAUTOINC+714c62b463-r0/pkgdata/runtime/systemd-locale-pt-br' req '/home/lai/Documents/shareData/MTK_RELEASE/0831/build/tmp/sysroots/aiv8167-rockman-emmc/pkgdata/runtime/systemd-locale-pt-br'.
path mismatch [2 links]: ino 25959562 db '/home/lai/Documents/shareData/MTK_RELEASE/0831/build/tmp/work/cortexa7hf-neon-vfpv4-poky-linux-gnueabi/systemd/1_301+gitAUTOINC+714c62b463-r0/pkgdata/runtime/systemd-locale-ru' req '/home/lai/Documents/shareData/MTK_RELEASE/0831/build/tmp/sysroots/aiv8167-rockman-emmc/pkgdata/runtime/systemd-locale-ru'.
path mismatch [2 links]: ino 25959564 db '/home/lai/Documents/shareData/MTK_RELEASE/0831/build/tmp/work/cortexa7hf-neon-vfpv4-poky-linux-gnueabi/systemd/1_301+gitAUTOINC+714c62b463-r0/pkgdata/runtime/systemd-locale-sr' req '/home/lai/Documents/shareData/MTK_RELEASE/0831/build/tmp/sysroots/aiv8167-rockman-emmc/pkgdata/runtime/systemd-locale-sr'.
path mismatch [2 links]: ino 25959566 db '/home/lai/Documents/shareData/MTK_RELEASE/0831/build/tmp/work/cortexa7hf-neon-vfpv4-poky-linux-gnueabi/systemd/1_301+gitAUTOINC+714c62b463-r0/pkgdata/runtime/systemd-locale-sv' req '/home/lai/Documents/shareData/MTK_RELEASE/0831/build/tmp/sysroots/aiv8167-rockman-emmc/pkgdata/runtime/systemd-locale-sv'.
path mismatch [2 links]: ino 25959568 db '/home/lai/Documents/shareData/MTK_RELEASE/0831/build/tmp/work/cortexa7hf-neon-vfpv4-poky-linux-gnueabi/systemd/1_301+gitAUTOINC+714c62b463-r0/pkgdata/runtime/systemd-locale-tr' req '/home/lai/Documents/shareData/MTK_RELEASE/0831/build/tmp/sysroots/aiv8167-rockman-emmc/pkgdata/runtime/systemd-locale-tr'.
path mismatch [2 links]: ino 25959570 db '/home/lai/Documents/shareData/MTK_RELEASE/0831/build/tmp/work/cortexa7hf-neon-vfpv4-poky-linux-gnueabi/systemd/1_301+gitAUTOINC+714c62b463-r0/pkgdata/runtime/systemd-locale-uk' req '/home/lai/Documents/shareData/MTK_RELEASE/0831/build/tmp/sysroots/aiv8167-rockman-emmc/pkgdata/runtime/systemd-locale-uk'.
path mismatch [2 links]: ino 25959572 db '/home/lai/Documents/shareData/MTK_RELEASE/0831/build/tmp/work/cortexa7hf-neon-vfpv4-poky-linux-gnueabi/systemd/1_301+gitAUTOINC+714c62b463-r0/pkgdata/runtime/systemd-locale-zh-cn' req '/home/lai/Documents/shareData/MTK_RELEASE/0831/build/tmp/sysroots/aiv8167-rockman-emmc/pkgdata/runtime/systemd-locale-zh-cn'.
path mismatch [2 links]: ino 25959574 db '/home/lai/Documents/shareData/MTK_RELEASE/0831/build/tmp/work/cortexa7hf-neon-vfpv4-poky-linux-gnueabi/systemd/1_301+gitAUTOINC+714c62b463-r0/pkgdata/runtime/systemd-locale-zh-tw' req '/home/lai/Documents/shareData/MTK_RELEASE/0831/build/tmp/sysroots/aiv8167-rockman-emmc/pkgdata/runtime/systemd-locale-zh-tw'.
path mismatch [2 links]: ino 25959576 db '/home/lai/Documents/shareData/MTK_RELEASE/0831/build/tmp/work/cortexa7hf-neon-vfpv4-poky-linux-gnueabi/systemd/1_301+gitAUTOINC+714c62b463-r0/pkgdata/runtime/libsystemd' req '/home/lai/Documents/shareData/MTK_RELEASE/0831/build/tmp/sysroots/aiv8167-rockman-emmc/pkgdata/runtime/libsystemd'.
path mismatch [2 links]: ino 25959578 db '/home/lai/Documents/shareData/MTK_RELEASE/0831/build/tmp/work/cortexa7hf-neon-vfpv4-poky-linux-gnueabi/systemd/1_301+gitAUTOINC+714c62b463-r0/pkgdata/runtime/libudev' req '/home/lai/Documents/shareData/MTK_RELEASE/0831/build/tmp/sysroots/aiv8167-rockman-emmc/pkgdata/runtime/libudev'.
path mismatch [2 links]: ino 25959532 db '/home/lai/Documents/shareData/MTK_RELEASE/0831/build/tmp/work/cortexa7hf-neon-vfpv4-poky-linux-gnueabi/systemd/1_301+gitAUTOINC+714c62b463-r0/pkgdata/runtime/systemd' req '/home/lai/Documents/shareData/MTK_RELEASE/0831/build/tmp/sysroots/aiv8167-rockman-emmc/pkgdata/runtime/systemd'.
path mismatch [2 links]: ino 25959528 db '/home/lai/Documents/shareData/MTK_RELEASE/0831/build/tmp/work/cortexa7hf-neon-vfpv4-poky-linux-gnueabi/systemd/1_301+gitAUTOINC+714c62b463-r0/pkgdata/runtime/systemd-dev' req '/home/lai/Documents/shareData/MTK_RELEASE/0831/build/tmp/sysroots/aiv8167-rockman-emmc/pkgdata/runtime/systemd-dev'.
path mismatch [2 links]: ino 25959528 db '/home/lai/Documents/shareData/MTK_RELEASE/0831/build/tmp/work/cortexa7hf-neon-vfpv4-poky-linux-gnueabi/systemd/1_301+gitAUTOINC+714c62b463-r0/pkgdata/runtime/systemd-dev' req '/home/lai/Documents/shareData/MTK_RELEASE/0831/build/tmp/sysroots/aiv8167-rockman-emmc/pkgdata/runtime/systemd-dev'.
path mismatch [2 links]: ino 25959532 db '/home/lai/Documents/shareData/MTK_RELEASE/0831/build/tmp/work/cortexa7hf-neon-vfpv4-poky-linux-gnueabi/systemd/1_301+gitAUTOINC+714c62b463-r0/pkgdata/runtime/systemd' req '/home/lai/Documents/shareData/MTK_RELEASE/0831/build/tmp/sysroots/aiv8167-rockman-emmc/pkgdata/runtime/systemd'.
path mismatch [2 links]: ino 25959576 db '/home/lai/Documents/shareData/MTK_RELEASE/0831/build/tmp/work/cortexa7hf-neon-vfpv4-poky-linux-gnueabi/systemd/1_301+gitAUTOINC+714c62b463-r0/pkgdata/runtime/libsystemd' req '/home/lai/Documents/shareData/MTK_RELEASE/0831/build/tmp/sysroots/aiv8167-rockman-emmc/pkgdata/runtime/libsystemd'.
path mismatch [2 links]: ino 25959578 db '/home/lai/Documents/shareData/MTK_RELEASE/0831/build/tmp/work/cortexa7hf-neon-vfpv4-poky-linux-gnueabi/systemd/1_301+gitAUTOINC+714c62b463-r0/pkgdata/runtime/libudev' req '/home/lai/Documents/shareData/MTK_RELEASE/0831/build/tmp/sysroots/aiv8167-rockman-emmc/pkgdata/runtime/libudev'.
path mismatch [2 links]: ino 25959532 db '/home/lai/Documents/shareData/MTK_RELEASE/0831/build/tmp/work/cortexa7hf-neon-vfpv4-poky-linux-gnueabi/systemd/1_301+gitAUTOINC+714c62b463-r0/pkgdata/runtime/systemd' req '/home/lai/Documents/shareData/MTK_RELEASE/0831/build/tmp/sysroots/aiv8167-rockman-emmc/pkgdata/runtime/systemd'.
path mismatch [2 links]: ino 25959510 db '/home/lai/Documents/shareData/MTK_RELEASE/0831/build/tmp/work/cortexa7hf-neon-vfpv4-poky-linux-gnueabi/systemd/1_301+gitAUTOINC+714c62b463-r0/pkgdata/runtime/udev' req '/home/lai/Documents/shareData/MTK_RELEASE/0831/build/tmp/sysroots/aiv8167-rockman-emmc/pkgdata/runtime/udev'.
path mismatch [2 links]: ino 25959510 db '/home/lai/Documents/shareData/MTK_RELEASE/0831/build/tmp/work/cortexa7hf-neon-vfpv4-poky-linux-gnueabi/systemd/1_301+gitAUTOINC+714c62b463-r0/pkgdata/runtime/udev' req '/home/lai/Documents/shareData/MTK_RELEASE/0831/build/tmp/sysroots/aiv8167-rockman-emmc/pkgdata/runtime/udev'.
db cleanup for server shutdown, 02:10:46.185
memory-to-file backup complete, 02:10:46.185.
db cleanup finished, 02:10:46.185
